<?xml version="1.0" encoding="UTF-8"?>
<!-- Generated by org.testng.reporters.JUnitReportReporter -->
<testsuite skipped="0" hostname="DESKTOP-FA6CC26" name="testcases.LoginPageValidationTest" tests="1" failures="0" timestamp="28 Oct 2021 03:50:30 GMT" time="4.875" errors="0">
  <testcase name="validScenario" time="4.875" classname="testcases.LoginPageValidationTest"/>
</testsuite> <!-- testcases.LoginPageValidationTest -->
